Connecting to host 192.168.56.104, port 5005
[  4] local 192.168.56.105 port 33676 connected to 192.168.56.104 port 5005
[ ID] Interval           Transfer     Bandwidth       Total Datagrams
[  4]   0.00-1.00   sec  2.17 MBytes  18.2 Mbits/sec  278  
[  4]   1.00-2.00   sec  2.38 MBytes  20.0 Mbits/sec  305  
[  4]   2.00-3.00   sec  2.38 MBytes  20.0 Mbits/sec  305  
[  4]   3.00-4.00   sec  2.38 MBytes  20.0 Mbits/sec  305  
[  4]   4.00-5.00   sec  2.38 MBytes  20.0 Mbits/sec  305  
[  4]   5.00-6.00   sec  2.40 MBytes  20.1 Mbits/sec  307  
[  4]   6.00-7.00   sec  2.38 MBytes  19.9 Mbits/sec  304  
[  4]   7.00-8.00   sec  2.38 MBytes  20.0 Mbits/sec  305  
[  4]   8.00-9.00   sec  2.38 MBytes  20.0 Mbits/sec  305  
[  4]   9.00-10.00  sec  2.38 MBytes  20.0 Mbits/sec  305  
[  4]  10.00-11.00  sec  2.38 MBytes  20.0 Mbits/sec  305  
[  4]  11.00-12.00  sec  2.39 MBytes  20.0 Mbits/sec  306  
[  4]  12.00-13.00  sec  2.38 MBytes  20.0 Mbits/sec  305  
[  4]  13.00-14.00  sec  2.38 MBytes  20.0 Mbits/sec  305  
[  4]  14.00-15.00  sec  2.38 MBytes  20.0 Mbits/sec  305  
[  4]  15.00-16.00  sec  2.39 MBytes  20.0 Mbits/sec  306  
[  4]  16.00-17.00  sec  2.38 MBytes  19.9 Mbits/sec  304  
[  4]  17.00-18.00  sec  2.39 MBytes  20.0 Mbits/sec  306  
[  4]  18.00-19.00  sec  2.38 MBytes  20.0 Mbits/sec  305  
[  4]  19.00-20.00  sec  2.38 MBytes  20.0 Mbits/sec  305  
- - - - - - - - - - - - - - - - - - - - - - - - -
[ ID] Interval           Transfer     Bandwidth       Jitter    Lost/Total Datagrams
[  4]   0.00-20.00  sec  47.5 MBytes  19.9 Mbits/sec  0.128 ms  15/6076 (0.25%)  
[  4] Sent 6076 datagrams

iperf Done.
