Connecting to host 192.168.56.104, port 5005
[  4] local 192.168.56.105 port 42916 connected to 192.168.56.104 port 5005
[ ID] Interval           Transfer     Bandwidth       Retr  Cwnd
[  4]   0.00-1.00   sec  2.21 MBytes  18.5 Mbits/sec    0    107 KBytes       
[  4]   1.00-2.00   sec  2.38 MBytes  19.9 Mbits/sec    0    130 KBytes       
[  4]   2.00-3.00   sec  2.38 MBytes  19.9 Mbits/sec    0    130 KBytes       
[  4]   3.00-4.00   sec  2.38 MBytes  20.0 Mbits/sec    0    130 KBytes       
[  4]   4.00-5.00   sec  2.38 MBytes  19.9 Mbits/sec    0    130 KBytes       
[  4]   5.00-6.00   sec  2.38 MBytes  19.9 Mbits/sec    0    130 KBytes       
[  4]   6.00-7.00   sec  2.38 MBytes  19.9 Mbits/sec    0    130 KBytes       
[  4]   7.00-8.00   sec  2.50 MBytes  21.0 Mbits/sec    0    130 KBytes       
[  4]   8.00-9.00   sec  2.38 MBytes  19.9 Mbits/sec    0    130 KBytes       
[  4]   9.00-10.00  sec  2.38 MBytes  19.9 Mbits/sec    0    130 KBytes       
[  4]  10.00-11.00  sec  2.38 MBytes  19.9 Mbits/sec    0    130 KBytes       
[  4]  11.00-12.00  sec  2.38 MBytes  19.9 Mbits/sec    0    130 KBytes       
[  4]  12.00-13.00  sec  2.38 MBytes  19.9 Mbits/sec    0    130 KBytes       
[  4]  13.00-14.00  sec  2.38 MBytes  19.9 Mbits/sec    0    130 KBytes       
[  4]  14.00-15.00  sec  2.38 MBytes  19.9 Mbits/sec    0    130 KBytes       
[  4]  15.00-16.00  sec  2.38 MBytes  20.0 Mbits/sec    0    130 KBytes       
[  4]  16.00-17.00  sec  2.38 MBytes  19.9 Mbits/sec    0    130 KBytes       
[  4]  17.00-18.00  sec  2.38 MBytes  20.0 Mbits/sec    0    130 KBytes       
[  4]  18.00-19.00  sec  2.38 MBytes  19.9 Mbits/sec    0    130 KBytes       
[  4]  19.00-20.00  sec  2.38 MBytes  19.9 Mbits/sec    0    130 KBytes       
- - - - - - - - - - - - - - - - - - - - - - - - -
[ ID] Interval           Transfer     Bandwidth       Retr
[  4]   0.00-20.00  sec  47.5 MBytes  19.9 Mbits/sec    0             sender
[  4]   0.00-20.00  sec  47.5 MBytes  19.9 Mbits/sec                  receiver

iperf Done.
