-----------------------------------------------------------
Server listening on 5005
-----------------------------------------------------------
Accepted connection from 192.168.56.105, port 42899
[  5] local 192.168.56.104 port 5005 connected to 192.168.56.105 port 58868
[ ID] Interval           Transfer     Bandwidth       Jitter    Lost/Total Datagrams
[  5]   0.00-1.00   sec  2.13 MBytes  17.9 Mbits/sec  0.171 ms  0/273 (0%)  
[  5]   1.00-2.00   sec  2.14 MBytes  17.9 Mbits/sec  0.126 ms  44/318 (14%)  
[  5]   2.00-3.00   sec  2.16 MBytes  18.1 Mbits/sec  0.070 ms  22/298 (7.4%)  
[  5]   3.00-4.00   sec  2.38 MBytes  19.9 Mbits/sec  0.060 ms  0/304 (0%)  
[  5]   4.00-5.00   sec  2.39 MBytes  20.1 Mbits/sec  0.076 ms  0/306 (0%)  
[  5]   5.00-6.00   sec  2.38 MBytes  20.0 Mbits/sec  1.714 ms  0/305 (0%)  
[  5]   6.00-7.00   sec  2.38 MBytes  20.0 Mbits/sec  0.090 ms  0/305 (0%)  
[  5]   7.00-8.00   sec  2.38 MBytes  20.0 Mbits/sec  0.139 ms  0/305 (0%)  
[  5]   8.00-9.00   sec  2.38 MBytes  19.9 Mbits/sec  0.150 ms  1/305 (0.33%)  
[  5]   9.00-10.00  sec  2.38 MBytes  20.0 Mbits/sec  0.085 ms  0/305 (0%)  
[  5]  10.00-11.00  sec  2.34 MBytes  19.6 Mbits/sec  0.112 ms  6/305 (2%)  
[  5]  11.00-12.00  sec  2.33 MBytes  19.5 Mbits/sec  0.077 ms  8/306 (2.6%)  
[  5]  12.00-13.00  sec  2.38 MBytes  19.9 Mbits/sec  0.080 ms  0/304 (0%)  
[  5]  13.00-14.00  sec  2.29 MBytes  19.2 Mbits/sec  0.268 ms  7/300 (2.3%)  
[  5]  14.00-15.00  sec  2.40 MBytes  20.1 Mbits/sec  0.101 ms  5/312 (1.6%)  
[  5]  15.00-16.00  sec  2.38 MBytes  19.9 Mbits/sec  0.070 ms  0/304 (0%)  
[  5]  16.00-17.00  sec  2.38 MBytes  20.0 Mbits/sec  0.118 ms  0/305 (0%)  
[  5]  17.00-18.00  sec  2.39 MBytes  20.1 Mbits/sec  0.140 ms  0/306 (0%)  
[  5]  18.00-19.00  sec  2.34 MBytes  19.7 Mbits/sec  0.142 ms  5/305 (1.6%)  
[  5]  19.00-20.00  sec  2.38 MBytes  19.9 Mbits/sec  0.099 ms  0/304 (0%)  
[  5]  20.00-20.04  sec  0.00 Bytes  0.00 bits/sec  0.099 ms  0/0 (0%)  
- - - - - - - - - - - - - - - - - - - - - - - - -
[ ID] Interval           Transfer     Bandwidth       Jitter    Lost/Total Datagrams
[  5]   0.00-20.04  sec  0.00 Bytes  0.00 bits/sec  0.099 ms  98/6075 (1.6%)  
-----------------------------------------------------------
Server listening on 5005
-----------------------------------------------------------
Accepted connection from 192.168.56.105, port 42900
[  5] local 192.168.56.104 port 5005 connected to 192.168.56.105 port 57397
[ ID] Interval           Transfer     Bandwidth       Jitter    Lost/Total Datagrams
[  5]   0.00-1.00   sec  2.12 MBytes  17.7 Mbits/sec  0.122 ms  5/276 (1.8%)  
[  5]   1.00-2.00   sec  2.40 MBytes  20.1 Mbits/sec  0.092 ms  0/307 (0%)  
[  5]   2.00-3.00   sec  2.39 MBytes  20.1 Mbits/sec  0.078 ms  0/306 (0%)  
[  5]   3.00-4.00   sec  2.38 MBytes  20.0 Mbits/sec  0.079 ms  0/305 (0%)  
[  5]   4.00-5.00   sec  2.38 MBytes  20.0 Mbits/sec  0.106 ms  0/305 (0%)  
[  5]   5.00-6.00   sec  2.38 MBytes  19.9 Mbits/sec  0.110 ms  0/304 (0%)  
[  5]   6.00-7.00   sec  2.38 MBytes  20.0 Mbits/sec  0.118 ms  0/305 (0%)  
[  5]   7.00-8.00   sec  2.39 MBytes  20.1 Mbits/sec  0.128 ms  0/306 (0%)  
[  5]   8.00-9.00   sec  2.36 MBytes  19.8 Mbits/sec  0.082 ms  3/305 (0.98%)  
[  5]   9.00-10.00  sec  2.38 MBytes  20.0 Mbits/sec  0.211 ms  0/305 (0%)  
[  5]  10.00-11.00  sec  2.38 MBytes  19.9 Mbits/sec  0.195 ms  1/305 (0.33%)  
[  5]  11.00-12.00  sec  2.40 MBytes  20.1 Mbits/sec  0.065 ms  0/307 (0%)  
[  5]  12.00-13.00  sec  2.38 MBytes  19.9 Mbits/sec  0.106 ms  0/304 (0%)  
[  5]  13.00-14.00  sec  2.38 MBytes  20.0 Mbits/sec  0.081 ms  0/305 (0%)  
[  5]  14.00-15.00  sec  2.38 MBytes  20.0 Mbits/sec  0.207 ms  0/305 (0%)  
[  5]  15.00-16.00  sec  2.38 MBytes  20.0 Mbits/sec  0.062 ms  0/305 (0%)  
[  5]  16.00-17.00  sec  2.39 MBytes  20.0 Mbits/sec  0.054 ms  0/306 (0%)  
[  5]  17.00-18.00  sec  2.38 MBytes  20.0 Mbits/sec  0.079 ms  0/305 (0%)  
[  5]  18.00-19.00  sec  2.38 MBytes  19.9 Mbits/sec  0.067 ms  0/304 (0%)  
[  5]  19.00-20.00  sec  2.38 MBytes  19.9 Mbits/sec  0.051 ms  3/307 (0.98%)  
[  5]  20.00-20.04  sec  0.00 Bytes  0.00 bits/sec  0.051 ms  0/0 (0%)  
- - - - - - - - - - - - - - - - - - - - - - - - -
[ ID] Interval           Transfer     Bandwidth       Jitter    Lost/Total Datagrams
[  5]   0.00-20.04  sec  0.00 Bytes  0.00 bits/sec  0.051 ms  12/6077 (0.2%)  
-----------------------------------------------------------
Server listening on 5005
-----------------------------------------------------------
Accepted connection from 192.168.56.105, port 42901
[  5] local 192.168.56.104 port 5005 connected to 192.168.56.105 port 51071
[ ID] Interval           Transfer     Bandwidth       Jitter    Lost/Total Datagrams
[  5]   0.00-1.00   sec  2.16 MBytes  18.1 Mbits/sec  0.065 ms  0/277 (0%)  
[  5]   1.00-2.00   sec  2.39 MBytes  20.0 Mbits/sec  0.089 ms  0/306 (0%)  
[  5]   2.00-3.00   sec  2.38 MBytes  20.0 Mbits/sec  0.109 ms  0/305 (0%)  
[  5]   3.00-4.00   sec  2.33 MBytes  19.5 Mbits/sec  0.178 ms  7/305 (2.3%)  
[  5]   4.00-5.00   sec  2.38 MBytes  20.0 Mbits/sec  0.069 ms  0/305 (0%)  
[  5]   5.00-6.00   sec  2.38 MBytes  20.0 Mbits/sec  0.127 ms  0/305 (0%)  
[  5]   6.00-7.00   sec  2.38 MBytes  20.0 Mbits/sec  0.738 ms  0/305 (0%)  
[  5]   7.00-8.00   sec  2.39 MBytes  20.1 Mbits/sec  0.086 ms  0/306 (0%)  
[  5]   8.00-9.00   sec  2.38 MBytes  20.0 Mbits/sec  0.200 ms  0/305 (0%)  
[  5]   9.00-10.00  sec  2.38 MBytes  20.0 Mbits/sec  0.102 ms  0/305 (0%)  
[  5]  10.00-11.00  sec  2.38 MBytes  20.0 Mbits/sec  0.149 ms  0/305 (0%)  
[  5]  11.00-12.00  sec  2.38 MBytes  20.0 Mbits/sec  0.059 ms  0/305 (0%)  
[  5]  12.00-13.00  sec  2.30 MBytes  19.3 Mbits/sec  0.090 ms  10/305 (3.3%)  
[  5]  13.00-14.00  sec  2.30 MBytes  19.3 Mbits/sec  0.113 ms  12/306 (3.9%)  
[  5]  14.00-15.00  sec  2.32 MBytes  19.5 Mbits/sec  0.129 ms  10/307 (3.3%)  
[  5]  15.00-16.00  sec  2.37 MBytes  19.9 Mbits/sec  0.160 ms  0/303 (0%)  
[  5]  16.00-17.00  sec  2.35 MBytes  19.7 Mbits/sec  0.101 ms  6/307 (2%)  
[  5]  17.00-18.00  sec  2.37 MBytes  19.9 Mbits/sec  0.128 ms  0/303 (0%)  
[  5]  18.00-19.00  sec  2.32 MBytes  19.5 Mbits/sec  0.155 ms  9/306 (2.9%)  
[  5]  19.00-20.00  sec  2.23 MBytes  18.7 Mbits/sec  0.456 ms  20/305 (6.6%)  
[  5]  20.00-20.04  sec  0.00 Bytes  0.00 bits/sec  0.456 ms  0/0 (0%)  
- - - - - - - - - - - - - - - - - - - - - - - - -
[ ID] Interval           Transfer     Bandwidth       Jitter    Lost/Total Datagrams
[  5]   0.00-20.04  sec  0.00 Bytes  0.00 bits/sec  0.456 ms  74/6076 (1.2%)  
-----------------------------------------------------------
Server listening on 5005
-----------------------------------------------------------
Accepted connection from 192.168.56.105, port 42902
[  5] local 192.168.56.104 port 5005 connected to 192.168.56.105 port 48663
[ ID] Interval           Transfer     Bandwidth       Jitter    Lost/Total Datagrams
[  5]   0.00-1.00   sec  1.98 MBytes  16.6 Mbits/sec  0.163 ms  11/265 (4.2%)  
[  5]   1.00-2.00   sec  2.09 MBytes  17.6 Mbits/sec  0.160 ms  48/316 (15%)  
[  5]   2.00-3.00   sec  2.30 MBytes  19.3 Mbits/sec  0.347 ms  1/295 (0.34%)  
[  5]   3.00-4.00   sec  2.30 MBytes  19.3 Mbits/sec  0.085 ms  23/317 (7.3%)  
[  5]   4.00-5.00   sec  2.28 MBytes  19.1 Mbits/sec  0.192 ms  13/305 (4.3%)  
[  5]   5.00-6.00   sec  2.38 MBytes  20.0 Mbits/sec  0.238 ms  0/305 (0%)  
[  5]   6.00-7.00   sec  2.33 MBytes  19.5 Mbits/sec  0.122 ms  8/306 (2.6%)  
[  5]   7.00-8.00   sec  2.28 MBytes  19.1 Mbits/sec  0.297 ms  11/303 (3.6%)  
[  5]   8.00-9.00   sec  2.37 MBytes  19.9 Mbits/sec  0.089 ms  4/307 (1.3%)  
[  5]   9.00-10.00  sec  2.38 MBytes  20.0 Mbits/sec  0.187 ms  0/305 (0%)  
[  5]  10.00-11.00  sec  2.30 MBytes  19.3 Mbits/sec  0.065 ms  11/305 (3.6%)  
[  5]  11.00-12.00  sec  2.39 MBytes  20.1 Mbits/sec  0.244 ms  0/306 (0%)  
[  5]  12.00-13.00  sec  2.39 MBytes  20.0 Mbits/sec  0.115 ms  0/306 (0%)  
[  5]  13.00-14.00  sec  2.38 MBytes  20.0 Mbits/sec  0.288 ms  0/305 (0%)  
[  5]  14.00-15.00  sec  2.35 MBytes  19.7 Mbits/sec  0.188 ms  3/304 (0.99%)  
[  5]  15.00-16.00  sec  2.30 MBytes  19.3 Mbits/sec  0.250 ms  0/294 (0%)  
[  5]  16.00-17.00  sec  2.39 MBytes  20.1 Mbits/sec  0.186 ms  10/316 (3.2%)  
[  5]  17.00-18.00  sec  2.38 MBytes  20.0 Mbits/sec  0.149 ms  0/305 (0%)  
[  5]  18.00-19.00  sec  2.38 MBytes  20.0 Mbits/sec  0.126 ms  0/305 (0%)  
[  5]  19.00-20.00  sec  2.39 MBytes  20.1 Mbits/sec  0.114 ms  0/306 (0%)  
[  5]  20.00-20.04  sec  0.00 Bytes  0.00 bits/sec  0.114 ms  0/0 (0%)  
- - - - - - - - - - - - - - - - - - - - - - - - -
[ ID] Interval           Transfer     Bandwidth       Jitter    Lost/Total Datagrams
[  5]   0.00-20.04  sec  0.00 Bytes  0.00 bits/sec  0.114 ms  143/6076 (2.4%)  
