-----------------------------------------------------------
Server listening on 5005
-----------------------------------------------------------
Accepted connection from 192.168.56.105, port 42903
[  5] local 192.168.56.104 port 5005 connected to 192.168.56.105 port 42904
[ ID] Interval           Transfer     Bandwidth
[  5]   0.00-1.00   sec  2.21 MBytes  18.5 Mbits/sec                  
[  5]   1.00-2.00   sec  2.38 MBytes  19.9 Mbits/sec                  
[  5]   2.00-3.00   sec  2.38 MBytes  19.9 Mbits/sec                  
[  5]   3.00-4.00   sec  2.38 MBytes  19.9 Mbits/sec                  
[  5]   4.00-5.00   sec  2.38 MBytes  19.9 Mbits/sec                  
[  5]   5.00-6.00   sec  2.38 MBytes  19.9 Mbits/sec                  
[  5]   6.00-7.00   sec  2.38 MBytes  19.9 Mbits/sec                  
[  5]   7.00-8.00   sec  2.50 MBytes  21.0 Mbits/sec                  
[  5]   8.00-9.00   sec  2.38 MBytes  19.9 Mbits/sec                  
[  5]   9.00-10.00  sec  2.38 MBytes  19.9 Mbits/sec                  
[  5]  10.00-11.00  sec  2.38 MBytes  19.9 Mbits/sec                  
[  5]  11.00-12.00  sec  2.38 MBytes  19.9 Mbits/sec                  
[  5]  12.00-13.00  sec  2.38 MBytes  19.9 Mbits/sec                  
[  5]  13.00-14.00  sec  2.38 MBytes  19.9 Mbits/sec                  
[  5]  14.00-15.00  sec  2.38 MBytes  19.9 Mbits/sec                  
[  5]  15.00-16.00  sec  2.38 MBytes  19.9 Mbits/sec                  
[  5]  16.00-17.00  sec  2.38 MBytes  19.9 Mbits/sec                  
[  5]  17.00-18.00  sec  2.38 MBytes  19.9 Mbits/sec                  
[  5]  18.00-19.00  sec  2.38 MBytes  19.9 Mbits/sec                  
[  5]  19.00-20.00  sec  2.38 MBytes  19.9 Mbits/sec                  
[  5]  20.00-20.04  sec  0.00 Bytes  0.00 bits/sec                  
- - - - - - - - - - - - - - - - - - - - - - - - -
[ ID] Interval           Transfer     Bandwidth
[  5]   0.00-20.04  sec  0.00 Bytes  0.00 bits/sec                  sender
[  5]   0.00-20.04  sec  47.5 MBytes  19.9 Mbits/sec                  receiver
-----------------------------------------------------------
Server listening on 5005
-----------------------------------------------------------
Accepted connection from 192.168.56.105, port 42905
[  5] local 192.168.56.104 port 5005 connected to 192.168.56.105 port 42906
[ ID] Interval           Transfer     Bandwidth
[  5]   0.00-1.00   sec  2.21 MBytes  18.5 Mbits/sec                  
[  5]   1.00-2.00   sec  2.38 MBytes  19.9 Mbits/sec                  
[  5]   2.00-3.00   sec  2.38 MBytes  19.9 Mbits/sec                  
[  5]   3.00-4.00   sec  2.38 MBytes  19.9 Mbits/sec                  
[  5]   4.00-5.00   sec  2.38 MBytes  19.9 Mbits/sec                  
[  5]   5.00-6.00   sec  2.38 MBytes  19.9 Mbits/sec                  
[  5]   6.00-7.00   sec  2.38 MBytes  19.9 Mbits/sec                  
[  5]   7.00-8.00   sec  2.50 MBytes  21.0 Mbits/sec                  
[  5]   8.00-9.00   sec  2.38 MBytes  19.9 Mbits/sec                  
[  5]   9.00-10.00  sec  2.38 MBytes  19.9 Mbits/sec                  
[  5]  10.00-11.00  sec  2.38 MBytes  19.9 Mbits/sec                  
[  5]  11.00-12.00  sec  2.38 MBytes  19.9 Mbits/sec                  
[  5]  12.00-13.00  sec  2.38 MBytes  19.9 Mbits/sec                  
[  5]  13.00-14.00  sec  2.38 MBytes  19.9 Mbits/sec                  
[  5]  14.00-15.00  sec  2.38 MBytes  19.9 Mbits/sec                  
[  5]  15.00-16.00  sec  2.38 MBytes  19.9 Mbits/sec                  
[  5]  16.00-17.00  sec  2.38 MBytes  19.9 Mbits/sec                  
[  5]  17.00-18.00  sec  2.38 MBytes  19.9 Mbits/sec                  
[  5]  18.00-19.00  sec  2.38 MBytes  19.9 Mbits/sec                  
[  5]  19.00-20.00  sec  2.38 MBytes  19.9 Mbits/sec                  
[  5]  20.00-20.04  sec  0.00 Bytes  0.00 bits/sec                  
- - - - - - - - - - - - - - - - - - - - - - - - -
[ ID] Interval           Transfer     Bandwidth
[  5]   0.00-20.04  sec  0.00 Bytes  0.00 bits/sec                  sender
[  5]   0.00-20.04  sec  47.5 MBytes  19.9 Mbits/sec                  receiver
-----------------------------------------------------------
Server listening on 5005
-----------------------------------------------------------
Accepted connection from 192.168.56.105, port 42907
[  5] local 192.168.56.104 port 5005 connected to 192.168.56.105 port 42908
[ ID] Interval           Transfer     Bandwidth
[  5]   0.00-1.00   sec  2.21 MBytes  18.5 Mbits/sec                  
[  5]   1.00-2.00   sec  2.38 MBytes  19.9 Mbits/sec                  
[  5]   2.00-3.00   sec  2.38 MBytes  19.9 Mbits/sec                  
[  5]   3.00-4.00   sec  2.38 MBytes  19.9 Mbits/sec                  
[  5]   4.00-5.00   sec  2.38 MBytes  19.9 Mbits/sec                  
[  5]   5.00-6.00   sec  2.38 MBytes  19.9 Mbits/sec                  
[  5]   6.00-7.00   sec  2.38 MBytes  19.9 Mbits/sec                  
[  5]   7.00-8.00   sec  2.50 MBytes  21.0 Mbits/sec                  
[  5]   8.00-9.00   sec  2.38 MBytes  19.9 Mbits/sec                  
[  5]   9.00-10.00  sec  2.38 MBytes  19.9 Mbits/sec                  
[  5]  10.00-11.00  sec  2.38 MBytes  19.9 Mbits/sec                  
[  5]  11.00-12.00  sec  2.38 MBytes  19.9 Mbits/sec                  
[  5]  12.00-13.00  sec  2.38 MBytes  19.9 Mbits/sec                  
[  5]  13.00-14.00  sec  2.38 MBytes  19.9 Mbits/sec                  
[  5]  14.00-15.00  sec  2.38 MBytes  19.9 Mbits/sec                  
[  5]  15.00-16.00  sec  2.38 MBytes  19.9 Mbits/sec                  
[  5]  16.00-17.00  sec  2.38 MBytes  19.9 Mbits/sec                  
[  5]  17.00-18.00  sec  2.38 MBytes  19.9 Mbits/sec                  
[  5]  18.00-19.00  sec  2.38 MBytes  19.9 Mbits/sec                  
[  5]  19.00-20.00  sec  2.38 MBytes  19.9 Mbits/sec                  
[  5]  20.00-20.04  sec  0.00 Bytes  0.00 bits/sec                  
- - - - - - - - - - - - - - - - - - - - - - - - -
[ ID] Interval           Transfer     Bandwidth
[  5]   0.00-20.04  sec  0.00 Bytes  0.00 bits/sec                  sender
[  5]   0.00-20.04  sec  47.5 MBytes  19.9 Mbits/sec                  receiver
-----------------------------------------------------------
Server listening on 5005
-----------------------------------------------------------
Accepted connection from 192.168.56.105, port 42909
[  5] local 192.168.56.104 port 5005 connected to 192.168.56.105 port 42910
[ ID] Interval           Transfer     Bandwidth
[  5]   0.00-1.00   sec  2.21 MBytes  18.5 Mbits/sec                  
[  5]   1.00-2.00   sec  2.38 MBytes  19.9 Mbits/sec                  
[  5]   2.00-3.00   sec  2.38 MBytes  19.9 Mbits/sec                  
[  5]   3.00-4.00   sec  2.38 MBytes  19.9 Mbits/sec                  
[  5]   4.00-5.00   sec  2.38 MBytes  19.9 Mbits/sec                  
[  5]   5.00-6.00   sec  2.38 MBytes  19.9 Mbits/sec                  
[  5]   6.00-7.00   sec  2.38 MBytes  19.9 Mbits/sec                  
[  5]   7.00-8.00   sec  2.50 MBytes  21.0 Mbits/sec                  
[  5]   8.00-9.00   sec  2.38 MBytes  19.9 Mbits/sec                  
[  5]   9.00-10.00  sec  2.38 MBytes  19.9 Mbits/sec                  
[  5]  10.00-11.00  sec  2.38 MBytes  19.9 Mbits/sec                  
[  5]  11.00-12.00  sec  2.38 MBytes  19.9 Mbits/sec                  
[  5]  12.00-13.00  sec  2.38 MBytes  19.9 Mbits/sec                  
[  5]  13.00-14.00  sec  2.38 MBytes  19.9 Mbits/sec                  
[  5]  14.00-15.00  sec  2.38 MBytes  19.9 Mbits/sec                  
[  5]  15.00-16.00  sec  2.38 MBytes  19.9 Mbits/sec                  
[  5]  16.00-17.00  sec  2.38 MBytes  19.9 Mbits/sec                  
[  5]  17.00-18.00  sec  2.38 MBytes  19.9 Mbits/sec                  
[  5]  18.00-19.00  sec  2.38 MBytes  19.9 Mbits/sec                  
[  5]  19.00-20.00  sec  2.38 MBytes  19.9 Mbits/sec                  
[  5]  20.00-20.04  sec  0.00 Bytes  0.00 bits/sec                  
- - - - - - - - - - - - - - - - - - - - - - - - -
[ ID] Interval           Transfer     Bandwidth
[  5]   0.00-20.04  sec  0.00 Bytes  0.00 bits/sec                  sender
[  5]   0.00-20.04  sec  47.5 MBytes  19.9 Mbits/sec                  receiver
